ERROR 2022-04-21 15:18:51,402 assertbase.py _teardown_collect 267 <bound method AppTest.test_get_all_pages_path of <module.cfs.app.run.AppTest testMethod=test_get_all_pages_path>>
Traceback (most recent call last):
  File "C:\Python310\lib\unittest\case.py", line 59, in testPartExecutor
    yield
  File "D:\PycharmProjects\UIautomate\venv\lib\site-packages\minium\framework\libs\unittest\case.py", line 86, in run
    self._callTestMethod(testMethod)
  File "C:\Python310\lib\unittest\case.py", line 549, in _callTestMethod
    method()
  File "D:\PycharmProjects\UIautomate\module\cfs\app\run.py", line 10, in test_get_all_pages_path
    self.page.get_element("/view/view[2]/view/view[1]/navigator/view[1]/view[1]").click()
  File "D:\PycharmProjects\UIautomate\venv\lib\site-packages\minium\miniprogram\base_driver\minium_log.py", line 135, in wrapper
    result = func(*args, **kwargs)
  File "D:\PycharmProjects\UIautomate\venv\lib\site-packages\minium\miniprogram\base_driver\page.py", line 198, in get_element
    return self.get_element_by_xpath(
  File "D:\PycharmProjects\UIautomate\venv\lib\site-packages\minium\miniprogram\base_driver\minium_log.py", line 135, in wrapper
    result = func(*args, **kwargs)
  File "D:\PycharmProjects\UIautomate\venv\lib\site-packages\minium\miniprogram\base_driver\page.py", line 366, in get_element_by_xpath
    raise MiniElementNotFoundError("element[%s] not found" % xpath)
minium.framework.exception.MiniElementNotFoundError: element[/view/view[2]/view/view[1]/navigator/view[1]/view[1]] not found
ERROR 2022-04-21 15:32:44,229 assertbase.py _teardown_collect 267 <bound method AppTest.test_get_all_pages_path of <module.cfs.app.run.AppTest testMethod=test_get_all_pages_path>>
Traceback (most recent call last):
  File "C:\Python310\lib\unittest\case.py", line 59, in testPartExecutor
    yield
  File "D:\PycharmProjects\UIautomate\venv\lib\site-packages\minium\framework\libs\unittest\case.py", line 86, in run
    self._callTestMethod(testMethod)
  File "C:\Python310\lib\unittest\case.py", line 549, in _callTestMethod
    method()
  File "D:\PycharmProjects\UIautomate\module\cfs\app\run.py", line 10, in test_get_all_pages_path
    print(self.driver.page_source)
  File "D:\PycharmProjects\UIautomate\venv\lib\site-packages\minium\framework\assertbase.py", line 323, in __getattribute__
    attr = super().__getattribute__(item)
AttributeError: 'AppTest' object has no attribute 'driver'
ERROR 2022-04-21 16:09:39,373 assertbase.py _teardown_collect 267 <bound method AppTest.test_get_all_pages_path of <module.cfs.app.run.AppTest testMethod=test_get_all_pages_path>>
Traceback (most recent call last):
  File "C:\Python310\lib\unittest\case.py", line 59, in testPartExecutor
    yield
  File "D:\PycharmProjects\UIautomate\venv\lib\site-packages\minium\framework\libs\unittest\case.py", line 86, in run
    self._callTestMethod(testMethod)
  File "C:\Python310\lib\unittest\case.py", line 549, in _callTestMethod
    method()
  File "D:\PycharmProjects\UIautomate\module\cfs\app\run.py", line 9, in test_get_all_pages_path
    self.page.get_element(idx.ssk).input("ÂøÉË°ÄÁÆ°")
  File "D:\PycharmProjects\UIautomate\venv\lib\site-packages\minium\miniprogram\base_driver\minium_log.py", line 135, in wrapper
    result = func(*args, **kwargs)
  File "D:\PycharmProjects\UIautomate\venv\lib\site-packages\minium\miniprogram\base_driver\page.py", line 214, in get_element
    raise MiniElementNotFoundError("element[%s] not found" % selector)
minium.framework.exception.MiniElementNotFoundError: element[input.search-box[text(contains("ÊêúÁ¥¢ÁñæÁóÖ/ÈóÆÈ¢ò"))]] not found
ERROR 2022-04-21 16:10:07,221 assertbase.py _teardown_collect 267 <bound method AppTest.test_get_all_pages_path of <module.cfs.app.run.AppTest testMethod=test_get_all_pages_path>>
Traceback (most recent call last):
  File "C:\Python310\lib\unittest\case.py", line 59, in testPartExecutor
    yield
  File "D:\PycharmProjects\UIautomate\venv\lib\site-packages\minium\framework\libs\unittest\case.py", line 86, in run
    self._callTestMethod(testMethod)
  File "C:\Python310\lib\unittest\case.py", line 549, in _callTestMethod
    method()
  File "D:\PycharmProjects\UIautomate\module\cfs\app\run.py", line 10, in test_get_all_pages_path
    self.page.get_element("/view/view[2]/view/view[1]/navigator/view[1]/view[1]").click()
  File "D:\PycharmProjects\UIautomate\venv\lib\site-packages\minium\miniprogram\base_driver\minium_log.py", line 135, in wrapper
    result = func(*args, **kwargs)
  File "D:\PycharmProjects\UIautomate\venv\lib\site-packages\minium\miniprogram\base_driver\page.py", line 198, in get_element
    return self.get_element_by_xpath(
  File "D:\PycharmProjects\UIautomate\venv\lib\site-packages\minium\miniprogram\base_driver\minium_log.py", line 135, in wrapper
    result = func(*args, **kwargs)
  File "D:\PycharmProjects\UIautomate\venv\lib\site-packages\minium\miniprogram\base_driver\page.py", line 366, in get_element_by_xpath
    raise MiniElementNotFoundError("element[%s] not found" % xpath)
minium.framework.exception.MiniElementNotFoundError: element[/view/view[2]/view/view[1]/navigator/view[1]/view[1]] not found
ERROR 2022-04-21 16:12:13,917 assertbase.py _teardown_collect 267 <bound method AppTest.test_get_all_pages_path of <module.cfs.app.run.AppTest testMethod=test_get_all_pages_path>>
Traceback (most recent call last):
  File "C:\Python310\lib\unittest\case.py", line 59, in testPartExecutor
    yield
  File "D:\PycharmProjects\UIautomate\venv\lib\site-packages\minium\framework\libs\unittest\case.py", line 86, in run
    self._callTestMethod(testMethod)
  File "C:\Python310\lib\unittest\case.py", line 549, in _callTestMethod
    method()
  File "D:\PycharmProjects\UIautomate\module\cfs\app\run.py", line 10, in test_get_all_pages_path
    self.page.get_element("/view/view[2]/view/view[1]").click()
  File "D:\PycharmProjects\UIautomate\venv\lib\site-packages\minium\miniprogram\base_driver\minium_log.py", line 135, in wrapper
    result = func(*args, **kwargs)
  File "D:\PycharmProjects\UIautomate\venv\lib\site-packages\minium\miniprogram\base_driver\page.py", line 198, in get_element
    return self.get_element_by_xpath(
  File "D:\PycharmProjects\UIautomate\venv\lib\site-packages\minium\miniprogram\base_driver\minium_log.py", line 135, in wrapper
    result = func(*args, **kwargs)
  File "D:\PycharmProjects\UIautomate\venv\lib\site-packages\minium\miniprogram\base_driver\page.py", line 366, in get_element_by_xpath
    raise MiniElementNotFoundError("element[%s] not found" % xpath)
minium.framework.exception.MiniElementNotFoundError: element[/view/view[2]/view/view[1]] not found
ERROR 2022-04-21 16:13:36,948 assertbase.py _teardown_collect 267 <bound method AppTest.test_get_all_pages_path of <module.cfs.app.run.AppTest testMethod=test_get_all_pages_path>>
Traceback (most recent call last):
  File "C:\Python310\lib\unittest\case.py", line 59, in testPartExecutor
    yield
  File "D:\PycharmProjects\UIautomate\venv\lib\site-packages\minium\framework\libs\unittest\case.py", line 86, in run
    self._callTestMethod(testMethod)
  File "C:\Python310\lib\unittest\case.py", line 549, in _callTestMethod
    method()
  File "D:\PycharmProjects\UIautomate\module\cfs\app\run.py", line 10, in test_get_all_pages_path
    self.page.get_element("/view.item").click()
  File "D:\PycharmProjects\UIautomate\venv\lib\site-packages\minium\miniprogram\base_driver\minium_log.py", line 135, in wrapper
    result = func(*args, **kwargs)
  File "D:\PycharmProjects\UIautomate\venv\lib\site-packages\minium\miniprogram\base_driver\page.py", line 198, in get_element
    return self.get_element_by_xpath(
  File "D:\PycharmProjects\UIautomate\venv\lib\site-packages\minium\miniprogram\base_driver\minium_log.py", line 135, in wrapper
    result = func(*args, **kwargs)
  File "D:\PycharmProjects\UIautomate\venv\lib\site-packages\minium\miniprogram\base_driver\page.py", line 366, in get_element_by_xpath
    raise MiniElementNotFoundError("element[%s] not found" % xpath)
minium.framework.exception.MiniElementNotFoundError: element[/view.item] not found
ERROR 2022-04-21 16:14:07,011 assertbase.py _teardown_collect 267 <bound method AppTest.test_get_all_pages_path of <module.cfs.app.run.AppTest testMethod=test_get_all_pages_path>>
Traceback (most recent call last):
  File "C:\Python310\lib\unittest\case.py", line 59, in testPartExecutor
    yield
  File "D:\PycharmProjects\UIautomate\venv\lib\site-packages\minium\framework\libs\unittest\case.py", line 86, in run
    self._callTestMethod(testMethod)
  File "C:\Python310\lib\unittest\case.py", line 549, in _callTestMethod
    method()
  File "D:\PycharmProjects\UIautomate\module\cfs\app\run.py", line 10, in test_get_all_pages_path
    self.page.get_element("view.item").click()
  File "D:\PycharmProjects\UIautomate\venv\lib\site-packages\minium\miniprogram\base_driver\minium_log.py", line 135, in wrapper
    result = func(*args, **kwargs)
  File "D:\PycharmProjects\UIautomate\venv\lib\site-packages\minium\miniprogram\base_driver\page.py", line 214, in get_element
    raise MiniElementNotFoundError("element[%s] not found" % selector)
minium.framework.exception.MiniElementNotFoundError: element[view.item] not found
ERROR 2022-04-21 16:29:51,110 assertbase.py _teardown_collect 267 <bound method AppTest.test_get_all_pages_path of <module.cfs.app.run.AppTest testMethod=test_get_all_pages_path>>
Traceback (most recent call last):
  File "C:\Python310\lib\unittest\case.py", line 59, in testPartExecutor
    yield
  File "D:\PycharmProjects\UIautomate\venv\lib\site-packages\minium\framework\libs\unittest\case.py", line 86, in run
    self._callTestMethod(testMethod)
  File "C:\Python310\lib\unittest\case.py", line 549, in _callTestMethod
    method()
  File "D:\PycharmProjects\UIautomate\module\cfs\app\run.py", line 10, in test_get_all_pages_path
    self.page.get_element("view.item").click()
  File "D:\PycharmProjects\UIautomate\venv\lib\site-packages\minium\miniprogram\base_driver\minium_log.py", line 135, in wrapper
    result = func(*args, **kwargs)
  File "D:\PycharmProjects\UIautomate\venv\lib\site-packages\minium\miniprogram\base_driver\page.py", line 214, in get_element
    raise MiniElementNotFoundError("element[%s] not found" % selector)
minium.framework.exception.MiniElementNotFoundError: element[view.item] not found
ERROR 2022-04-21 17:24:07,870 assertbase.py _teardown_collect 267 <bound method AppTest.test_get_all_pages_path of <module.cfs.app.run.AppTest testMethod=test_get_all_pages_path>>
Traceback (most recent call last):
  File "C:\Python310\lib\unittest\case.py", line 59, in testPartExecutor
    yield
  File "D:\PycharmProjects\UIautomate\venv\lib\site-packages\minium\framework\libs\unittest\case.py", line 86, in run
    self._callTestMethod(testMethod)
  File "C:\Python310\lib\unittest\case.py", line 549, in _callTestMethod
    method()
  File "D:\PycharmProjects\UIautomate\module\cfs\app\run.py", line 12, in test_get_all_pages_path
    self.page.get_element("/view/view[2]/view/view[1]/navigator/view[1]/view[1]").click()
  File "D:\PycharmProjects\UIautomate\venv\lib\site-packages\minium\miniprogram\base_driver\minium_log.py", line 135, in wrapper
    result = func(*args, **kwargs)
  File "D:\PycharmProjects\UIautomate\venv\lib\site-packages\minium\miniprogram\base_driver\page.py", line 198, in get_element
    return self.get_element_by_xpath(
  File "D:\PycharmProjects\UIautomate\venv\lib\site-packages\minium\miniprogram\base_driver\minium_log.py", line 135, in wrapper
    result = func(*args, **kwargs)
  File "D:\PycharmProjects\UIautomate\venv\lib\site-packages\minium\miniprogram\base_driver\page.py", line 366, in get_element_by_xpath
    raise MiniElementNotFoundError("element[%s] not found" % xpath)
minium.framework.exception.MiniElementNotFoundError: element[/view/view[2]/view/view[1]/navigator/view[1]/view[1]] not found
ERROR 2022-04-21 17:24:51,922 assertbase.py _teardown_collect 267 <bound method AppTest.test_get_all_pages_path of <module.cfs.app.run.AppTest testMethod=test_get_all_pages_path>>
Traceback (most recent call last):
  File "C:\Python310\lib\unittest\case.py", line 59, in testPartExecutor
    yield
  File "D:\PycharmProjects\UIautomate\venv\lib\site-packages\minium\framework\libs\unittest\case.py", line 86, in run
    self._callTestMethod(testMethod)
  File "C:\Python310\lib\unittest\case.py", line 549, in _callTestMethod
    method()
  File "D:\PycharmProjects\UIautomate\module\cfs\app\run.py", line 12, in test_get_all_pages_path
    self.page.get_element("/page/view/view[2]/view/view[1]/navigator/view[1]/view[1]").click()
  File "D:\PycharmProjects\UIautomate\venv\lib\site-packages\minium\miniprogram\base_driver\minium_log.py", line 135, in wrapper
    result = func(*args, **kwargs)
  File "D:\PycharmProjects\UIautomate\venv\lib\site-packages\minium\miniprogram\base_driver\page.py", line 198, in get_element
    return self.get_element_by_xpath(
  File "D:\PycharmProjects\UIautomate\venv\lib\site-packages\minium\miniprogram\base_driver\minium_log.py", line 135, in wrapper
    result = func(*args, **kwargs)
  File "D:\PycharmProjects\UIautomate\venv\lib\site-packages\minium\miniprogram\base_driver\page.py", line 366, in get_element_by_xpath
    raise MiniElementNotFoundError("element[%s] not found" % xpath)
minium.framework.exception.MiniElementNotFoundError: element[/page/view/view[2]/view/view[1]/navigator/view[1]/view[1]] not found
ERROR 2022-04-21 17:33:05,327 assertbase.py _teardown_collect 267 <bound method AppTest.test_get_all_pages_path of <module.cfs.app.run.AppTest testMethod=test_get_all_pages_path>>
Traceback (most recent call last):
  File "C:\Python310\lib\unittest\case.py", line 59, in testPartExecutor
    yield
  File "D:\PycharmProjects\UIautomate\venv\lib\site-packages\minium\framework\libs\unittest\case.py", line 86, in run
    self._callTestMethod(testMethod)
  File "C:\Python310\lib\unittest\case.py", line 549, in _callTestMethod
    method()
  File "D:\PycharmProjects\UIautomate\module\cfs\app\run.py", line 12, in test_get_all_pages_path
    self.page.get_element("/view/view[2]/view/view[1]/navigator/view[1]/view[1]").click()
  File "D:\PycharmProjects\UIautomate\venv\lib\site-packages\minium\miniprogram\base_driver\minium_log.py", line 135, in wrapper
    result = func(*args, **kwargs)
  File "D:\PycharmProjects\UIautomate\venv\lib\site-packages\minium\miniprogram\base_driver\page.py", line 198, in get_element
    return self.get_element_by_xpath(
  File "D:\PycharmProjects\UIautomate\venv\lib\site-packages\minium\miniprogram\base_driver\minium_log.py", line 135, in wrapper
    result = func(*args, **kwargs)
  File "D:\PycharmProjects\UIautomate\venv\lib\site-packages\minium\miniprogram\base_driver\page.py", line 366, in get_element_by_xpath
    raise MiniElementNotFoundError("element[%s] not found" % xpath)
minium.framework.exception.MiniElementNotFoundError: element[/view/view[2]/view/view[1]/navigator/view[1]/view[1]] not found
ERROR 2022-04-21 17:33:30,855 assertbase.py _teardown_collect 267 <bound method AppTest.test_get_all_pages_path of <module.cfs.app.run.AppTest testMethod=test_get_all_pages_path>>
Traceback (most recent call last):
  File "C:\Python310\lib\unittest\case.py", line 59, in testPartExecutor
    yield
  File "D:\PycharmProjects\UIautomate\venv\lib\site-packages\minium\framework\libs\unittest\case.py", line 86, in run
    self._callTestMethod(testMethod)
  File "C:\Python310\lib\unittest\case.py", line 549, in _callTestMethod
    method()
  File "D:\PycharmProjects\UIautomate\module\cfs\app\run.py", line 12, in test_get_all_pages_path
    self.page.get_element("/view/view[2]/view/view[1]/navigator/view[1]/view[1]").click()
  File "D:\PycharmProjects\UIautomate\venv\lib\site-packages\minium\miniprogram\base_driver\minium_log.py", line 135, in wrapper
    result = func(*args, **kwargs)
  File "D:\PycharmProjects\UIautomate\venv\lib\site-packages\minium\miniprogram\base_driver\page.py", line 198, in get_element
    return self.get_element_by_xpath(
  File "D:\PycharmProjects\UIautomate\venv\lib\site-packages\minium\miniprogram\base_driver\minium_log.py", line 135, in wrapper
    result = func(*args, **kwargs)
  File "D:\PycharmProjects\UIautomate\venv\lib\site-packages\minium\miniprogram\base_driver\page.py", line 366, in get_element_by_xpath
    raise MiniElementNotFoundError("element[%s] not found" % xpath)
minium.framework.exception.MiniElementNotFoundError: element[/view/view[2]/view/view[1]/navigator/view[1]/view[1]] not found
ERROR 2022-04-21 17:42:34,866 assertbase.py _teardown_collect 267 <bound method AppTest.test_get_all_pages_path of <module.cfs.app.run.AppTest testMethod=test_get_all_pages_path>>
Traceback (most recent call last):
  File "C:\Python310\lib\unittest\case.py", line 59, in testPartExecutor
    yield
  File "D:\PycharmProjects\UIautomate\venv\lib\site-packages\minium\framework\libs\unittest\case.py", line 86, in run
    self._callTestMethod(testMethod)
  File "C:\Python310\lib\unittest\case.py", line 549, in _callTestMethod
    method()
  File "D:\PycharmProjects\UIautomate\module\cfs\app\run.py", line 12, in test_get_all_pages_path
    self.page.get_element("/view/view[2]/view/view[1]/navigator/view[1]/view[1]").click()
  File "D:\PycharmProjects\UIautomate\venv\lib\site-packages\minium\miniprogram\base_driver\minium_log.py", line 135, in wrapper
    result = func(*args, **kwargs)
  File "D:\PycharmProjects\UIautomate\venv\lib\site-packages\minium\miniprogram\base_driver\page.py", line 198, in get_element
    return self.get_element_by_xpath(
  File "D:\PycharmProjects\UIautomate\venv\lib\site-packages\minium\miniprogram\base_driver\minium_log.py", line 135, in wrapper
    result = func(*args, **kwargs)
  File "D:\PycharmProjects\UIautomate\venv\lib\site-packages\minium\miniprogram\base_driver\page.py", line 366, in get_element_by_xpath
    raise MiniElementNotFoundError("element[%s] not found" % xpath)
minium.framework.exception.MiniElementNotFoundError: element[/view/view[2]/view/view[1]/navigator/view[1]/view[1]] not found
ERROR 2022-04-21 17:50:03,469 assertbase.py _teardown_collect 267 <bound method AppTest.test_get_all_pages_path of <module.cfs.app.run.AppTest testMethod=test_get_all_pages_path>>
Traceback (most recent call last):
  File "C:\Python310\lib\unittest\case.py", line 59, in testPartExecutor
    yield
  File "D:\PycharmProjects\UIautomate\venv\lib\site-packages\minium\framework\libs\unittest\case.py", line 86, in run
    self._callTestMethod(testMethod)
  File "C:\Python310\lib\unittest\case.py", line 549, in _callTestMethod
    method()
  File "D:\PycharmProjects\UIautomate\module\cfs\app\run.py", line 14, in test_get_all_pages_path
    self.page.get_element("/rich-text.nodes(text(contains(\"ÊµãËØïÊÇ£ÊïôËµÑÊñô\")))").click()
  File "D:\PycharmProjects\UIautomate\venv\lib\site-packages\minium\miniprogram\base_driver\minium_log.py", line 135, in wrapper
    result = func(*args, **kwargs)
  File "D:\PycharmProjects\UIautomate\venv\lib\site-packages\minium\miniprogram\base_driver\page.py", line 198, in get_element
    return self.get_element_by_xpath(
  File "D:\PycharmProjects\UIautomate\venv\lib\site-packages\minium\miniprogram\base_driver\minium_log.py", line 135, in wrapper
    result = func(*args, **kwargs)
  File "D:\PycharmProjects\UIautomate\venv\lib\site-packages\minium\miniprogram\base_driver\page.py", line 364, in get_element_by_xpath
    el = search_element()
  File "D:\PycharmProjects\UIautomate\venv\lib\site-packages\minium\utils\utils.py", line 29, in wrapper
    r = func(*args, **kwargs)
  File "D:\PycharmProjects\UIautomate\venv\lib\site-packages\minium\miniprogram\base_driver\page.py", line 362, in search_element
    return self._get_element_by_xpath(xpath)
  File "D:\PycharmProjects\UIautomate\venv\lib\site-packages\minium\miniprogram\base_driver\page.py", line 515, in _get_element_by_xpath
    ret = self._send("Page.getElementByXpath", {"selector": xpath})
  File "D:\PycharmProjects\UIautomate\venv\lib\site-packages\minium\miniprogram\base_driver\page.py", line 383, in _send
    return self.connection.send(method, params)
  File "D:\PycharmProjects\UIautomate\venv\lib\site-packages\minium\miniprogram\base_driver\connection.py", line 185, in send
    return self._receive_response(cmd)
  File "D:\PycharmProjects\UIautomate\venv\lib\site-packages\minium\miniprogram\base_driver\connection.py", line 206, in _receive_response
    raise MiniAppError(err_msg)
minium.framework.exception.MiniAppError: XPath parse error
ERROR 2022-04-21 17:50:27,456 assertbase.py _teardown_collect 267 <bound method AppTest.test_get_all_pages_path of <module.cfs.app.run.AppTest testMethod=test_get_all_pages_path>>
Traceback (most recent call last):
  File "C:\Python310\lib\unittest\case.py", line 59, in testPartExecutor
    yield
  File "D:\PycharmProjects\UIautomate\venv\lib\site-packages\minium\framework\libs\unittest\case.py", line 86, in run
    self._callTestMethod(testMethod)
  File "C:\Python310\lib\unittest\case.py", line 549, in _callTestMethod
    method()
  File "D:\PycharmProjects\UIautomate\module\cfs\app\run.py", line 14, in test_get_all_pages_path
    self.page.get_element("//rich-text.nodes(text(contains(\"ÊµãËØïÊÇ£ÊïôËµÑÊñô\")))").click()
  File "D:\PycharmProjects\UIautomate\venv\lib\site-packages\minium\miniprogram\base_driver\minium_log.py", line 135, in wrapper
    result = func(*args, **kwargs)
  File "D:\PycharmProjects\UIautomate\venv\lib\site-packages\minium\miniprogram\base_driver\page.py", line 198, in get_element
    return self.get_element_by_xpath(
  File "D:\PycharmProjects\UIautomate\venv\lib\site-packages\minium\miniprogram\base_driver\minium_log.py", line 135, in wrapper
    result = func(*args, **kwargs)
  File "D:\PycharmProjects\UIautomate\venv\lib\site-packages\minium\miniprogram\base_driver\page.py", line 364, in get_element_by_xpath
    el = search_element()
  File "D:\PycharmProjects\UIautomate\venv\lib\site-packages\minium\utils\utils.py", line 29, in wrapper
    r = func(*args, **kwargs)
  File "D:\PycharmProjects\UIautomate\venv\lib\site-packages\minium\miniprogram\base_driver\page.py", line 362, in search_element
    return self._get_element_by_xpath(xpath)
  File "D:\PycharmProjects\UIautomate\venv\lib\site-packages\minium\miniprogram\base_driver\page.py", line 515, in _get_element_by_xpath
    ret = self._send("Page.getElementByXpath", {"selector": xpath})
  File "D:\PycharmProjects\UIautomate\venv\lib\site-packages\minium\miniprogram\base_driver\page.py", line 383, in _send
    return self.connection.send(method, params)
  File "D:\PycharmProjects\UIautomate\venv\lib\site-packages\minium\miniprogram\base_driver\connection.py", line 185, in send
    return self._receive_response(cmd)
  File "D:\PycharmProjects\UIautomate\venv\lib\site-packages\minium\miniprogram\base_driver\connection.py", line 206, in _receive_response
    raise MiniAppError(err_msg)
minium.framework.exception.MiniAppError: XPath parse error
ERROR 2022-04-21 17:51:16,168 assertbase.py _teardown_collect 267 <bound method AppTest.test_get_all_pages_path of <module.cfs.app.run.AppTest testMethod=test_get_all_pages_path>>
Traceback (most recent call last):
  File "C:\Python310\lib\unittest\case.py", line 59, in testPartExecutor
    yield
  File "D:\PycharmProjects\UIautomate\venv\lib\site-packages\minium\framework\libs\unittest\case.py", line 86, in run
    self._callTestMethod(testMethod)
  File "C:\Python310\lib\unittest\case.py", line 549, in _callTestMethod
    method()
  File "D:\PycharmProjects\UIautomate\module\cfs\app\run.py", line 14, in test_get_all_pages_path
    self.page.get_element("/rich-text").click()
  File "D:\PycharmProjects\UIautomate\venv\lib\site-packages\minium\miniprogram\base_driver\minium_log.py", line 135, in wrapper
    result = func(*args, **kwargs)
  File "D:\PycharmProjects\UIautomate\venv\lib\site-packages\minium\miniprogram\base_driver\page.py", line 198, in get_element
    return self.get_element_by_xpath(
  File "D:\PycharmProjects\UIautomate\venv\lib\site-packages\minium\miniprogram\base_driver\minium_log.py", line 135, in wrapper
    result = func(*args, **kwargs)
  File "D:\PycharmProjects\UIautomate\venv\lib\site-packages\minium\miniprogram\base_driver\page.py", line 366, in get_element_by_xpath
    raise MiniElementNotFoundError("element[%s] not found" % xpath)
minium.framework.exception.MiniElementNotFoundError: element[/rich-text] not found
ERROR 2022-04-21 17:52:11,569 assertbase.py _teardown_collect 267 <bound method AppTest.test_get_all_pages_path of <module.cfs.app.run.AppTest testMethod=test_get_all_pages_path>>
Traceback (most recent call last):
  File "C:\Python310\lib\unittest\case.py", line 59, in testPartExecutor
    yield
  File "D:\PycharmProjects\UIautomate\venv\lib\site-packages\minium\framework\libs\unittest\case.py", line 86, in run
    self._callTestMethod(testMethod)
  File "C:\Python310\lib\unittest\case.py", line 549, in _callTestMethod
    method()
  File "D:\PycharmProjects\UIautomate\module\cfs\app\run.py", line 14, in test_get_all_pages_path
    self.page.get_element("rich-text[2]").click()
  File "D:\PycharmProjects\UIautomate\venv\lib\site-packages\minium\miniprogram\base_driver\minium_log.py", line 135, in wrapper
    result = func(*args, **kwargs)
  File "D:\PycharmProjects\UIautomate\venv\lib\site-packages\minium\miniprogram\base_driver\page.py", line 205, in get_element
    r = self.get_elements(
  File "D:\PycharmProjects\UIautomate\venv\lib\site-packages\minium\miniprogram\base_driver\minium_log.py", line 135, in wrapper
    result = func(*args, **kwargs)
  File "D:\PycharmProjects\UIautomate\venv\lib\site-packages\minium\miniprogram\base_driver\page.py", line 279, in get_elements
    return self._get_elements_by_css(selector, max_timeout, index=index)
  File "D:\PycharmProjects\UIautomate\venv\lib\site-packages\minium\miniprogram\base_driver\page.py", line 448, in _get_elements_by_css
    els = search_elements(_selector_list)
  File "D:\PycharmProjects\UIautomate\venv\lib\site-packages\minium\utils\utils.py", line 29, in wrapper
    r = func(*args, **kwargs)
  File "D:\PycharmProjects\UIautomate\venv\lib\site-packages\minium\miniprogram\base_driver\page.py", line 441, in search_elements
    return self.__search_child(
  File "D:\PycharmProjects\UIautomate\venv\lib\site-packages\minium\miniprogram\base_driver\page.py", line 407, in __search_child
    els = self.__get_elements(_selector)
  File "D:\PycharmProjects\UIautomate\venv\lib\site-packages\minium\miniprogram\base_driver\page.py", line 387, in __get_elements
    ret = self._send("Page.getElements", {"selector": selector})
  File "D:\PycharmProjects\UIautomate\venv\lib\site-packages\minium\miniprogram\base_driver\page.py", line 383, in _send
    return self.connection.send(method, params)
  File "D:\PycharmProjects\UIautomate\venv\lib\site-packages\minium\miniprogram\base_driver\connection.py", line 185, in send
    return self._receive_response(cmd)
  File "D:\PycharmProjects\UIautomate\venv\lib\site-packages\minium\miniprogram\base_driver\connection.py", line 206, in _receive_response
    raise MiniAppError(err_msg)
minium.framework.exception.MiniAppError: Failed to execute 'querySelectorAll' on 'Document': 'wx-rich-text[2]' is not a valid selector.
ERROR 2022-04-21 18:04:36,729 assertbase.py _teardown_collect 267 <bound method AppTest.test_get_all_pages_path of <module.cfs.app.run.AppTest testMethod=test_get_all_pages_path>>
Traceback (most recent call last):
  File "C:\Python310\lib\unittest\case.py", line 59, in testPartExecutor
    yield
  File "D:\PycharmProjects\UIautomate\venv\lib\site-packages\minium\framework\libs\unittest\case.py", line 86, in run
    self._callTestMethod(testMethod)
  File "C:\Python310\lib\unittest\case.py", line 549, in _callTestMethod
    method()
  File "D:\PycharmProjects\UIautomate\module\cfs\app\run.py", line 14, in test_get_all_pages_path
    self.page.get_element("rich-text[text(contains(\"ÊµãËØïÊÇ£ÊïôËµÑÊñô\"))]").click()
  File "D:\PycharmProjects\UIautomate\venv\lib\site-packages\minium\miniprogram\base_driver\minium_log.py", line 135, in wrapper
    result = func(*args, **kwargs)
  File "D:\PycharmProjects\UIautomate\venv\lib\site-packages\minium\miniprogram\base_driver\page.py", line 214, in get_element
    raise MiniElementNotFoundError("element[%s] not found" % selector)
minium.framework.exception.MiniElementNotFoundError: element[rich-text[text(contains("ÊµãËØïÊÇ£ÊïôËµÑÊñô"))]] not found
ERROR 2022-04-21 18:10:29,851 assertbase.py _teardown_collect 267 <bound method AppTest.test_get_all_pages_path of <module.cfs.app.run.AppTest testMethod=test_get_all_pages_path>>
Traceback (most recent call last):
  File "C:\Python310\lib\unittest\case.py", line 59, in testPartExecutor
    yield
  File "D:\PycharmProjects\UIautomate\venv\lib\site-packages\minium\framework\libs\unittest\case.py", line 86, in run
    self._callTestMethod(testMethod)
  File "C:\Python310\lib\unittest\case.py", line 549, in _callTestMethod
    method()
  File "D:\PycharmProjects\UIautomate\module\cfs\app\run.py", line 14, in test_get_all_pages_path
    self.page.get_element_by_xpath("rich-text[text(contains(\"ÊµãËØïÊÇ£ÊïôËµÑÊñô\"))]").click()
  File "D:\PycharmProjects\UIautomate\venv\lib\site-packages\minium\miniprogram\base_driver\minium_log.py", line 135, in wrapper
    result = func(*args, **kwargs)
  File "D:\PycharmProjects\UIautomate\venv\lib\site-packages\minium\miniprogram\base_driver\page.py", line 364, in get_element_by_xpath
    el = search_element()
  File "D:\PycharmProjects\UIautomate\venv\lib\site-packages\minium\utils\utils.py", line 29, in wrapper
    r = func(*args, **kwargs)
  File "D:\PycharmProjects\UIautomate\venv\lib\site-packages\minium\miniprogram\base_driver\page.py", line 362, in search_element
    return self._get_element_by_xpath(xpath)
  File "D:\PycharmProjects\UIautomate\venv\lib\site-packages\minium\miniprogram\base_driver\page.py", line 515, in _get_element_by_xpath
    ret = self._send("Page.getElementByXpath", {"selector": xpath})
  File "D:\PycharmProjects\UIautomate\venv\lib\site-packages\minium\miniprogram\base_driver\page.py", line 383, in _send
    return self.connection.send(method, params)
  File "D:\PycharmProjects\UIautomate\venv\lib\site-packages\minium\miniprogram\base_driver\connection.py", line 185, in send
    return self._receive_response(cmd)
  File "D:\PycharmProjects\UIautomate\venv\lib\site-packages\minium\miniprogram\base_driver\connection.py", line 206, in _receive_response
    raise MiniAppError(err_msg)
minium.framework.exception.MiniAppError: XPath parse error
ERROR 2022-04-21 18:11:07,131 assertbase.py _teardown_collect 267 <bound method AppTest.test_get_all_pages_path of <module.cfs.app.run.AppTest testMethod=test_get_all_pages_path>>
Traceback (most recent call last):
  File "C:\Python310\lib\unittest\case.py", line 59, in testPartExecutor
    yield
  File "D:\PycharmProjects\UIautomate\venv\lib\site-packages\minium\framework\libs\unittest\case.py", line 86, in run
    self._callTestMethod(testMethod)
  File "C:\Python310\lib\unittest\case.py", line 549, in _callTestMethod
    method()
  File "D:\PycharmProjects\UIautomate\module\cfs\app\run.py", line 14, in test_get_all_pages_path
    self.page.get_element_by_xpath("rich-text[text(contains(\"ÊµãËØïÊÇ£ÊïôËµÑÊñô\"))]").click()
  File "D:\PycharmProjects\UIautomate\venv\lib\site-packages\minium\miniprogram\base_driver\minium_log.py", line 135, in wrapper
    result = func(*args, **kwargs)
  File "D:\PycharmProjects\UIautomate\venv\lib\site-packages\minium\miniprogram\base_driver\page.py", line 364, in get_element_by_xpath
    el = search_element()
  File "D:\PycharmProjects\UIautomate\venv\lib\site-packages\minium\utils\utils.py", line 29, in wrapper
    r = func(*args, **kwargs)
  File "D:\PycharmProjects\UIautomate\venv\lib\site-packages\minium\miniprogram\base_driver\page.py", line 362, in search_element
    return self._get_element_by_xpath(xpath)
  File "D:\PycharmProjects\UIautomate\venv\lib\site-packages\minium\miniprogram\base_driver\page.py", line 515, in _get_element_by_xpath
    ret = self._send("Page.getElementByXpath", {"selector": xpath})
  File "D:\PycharmProjects\UIautomate\venv\lib\site-packages\minium\miniprogram\base_driver\page.py", line 383, in _send
    return self.connection.send(method, params)
  File "D:\PycharmProjects\UIautomate\venv\lib\site-packages\minium\miniprogram\base_driver\connection.py", line 185, in send
    return self._receive_response(cmd)
  File "D:\PycharmProjects\UIautomate\venv\lib\site-packages\minium\miniprogram\base_driver\connection.py", line 206, in _receive_response
    raise MiniAppError(err_msg)
minium.framework.exception.MiniAppError: XPath parse error
ERROR 2022-04-21 18:13:17,578 assertbase.py _teardown_collect 267 <bound method AppTest.test_get_all_pages_path of <module.cfs.app.run.AppTest testMethod=test_get_all_pages_path>>
Traceback (most recent call last):
  File "C:\Python310\lib\unittest\case.py", line 59, in testPartExecutor
    yield
  File "D:\PycharmProjects\UIautomate\venv\lib\site-packages\minium\framework\libs\unittest\case.py", line 86, in run
    self._callTestMethod(testMethod)
  File "C:\Python310\lib\unittest\case.py", line 549, in _callTestMethod
    method()
  File "D:\PycharmProjects\UIautomate\module\cfs\app\run.py", line 14, in test_get_all_pages_path
    self.page.get_element("rich-text[text(contains(\"ÊµãËØïÊÇ£ÊïôËµÑÊñô\"))]").click()
  File "D:\PycharmProjects\UIautomate\venv\lib\site-packages\minium\miniprogram\base_driver\minium_log.py", line 135, in wrapper
    result = func(*args, **kwargs)
  File "D:\PycharmProjects\UIautomate\venv\lib\site-packages\minium\miniprogram\base_driver\page.py", line 214, in get_element
    raise MiniElementNotFoundError("element[%s] not found" % selector)
minium.framework.exception.MiniElementNotFoundError: element[rich-text[text(contains("ÊµãËØïÊÇ£ÊïôËµÑÊñô"))]] not found
